<?xml version="1.0" encoding="UTF-8"?>
<testsuite name="com.app.replace.mapper.memberMapperTest" tests="1" skipped="0" failures="0" errors="0" timestamp="2023-08-23T09:08:28" hostname="DESKTOP-BHDAEL2" time="0.676">
  <properties/>
  <testcase name="memberTest()" classname="com.app.replace.mapper.memberMapperTest" time="0.676"/>
  <system-out><![CDATA[18:08:25.367 [Test worker] DEBUG org.springframework.test.context.BootstrapUtils - Instantiating CacheAwareContextLoaderDelegate from class [org.springframework.test.context.cache.DefaultCacheAwareContextLoaderDelegate]
18:08:25.379 [Test worker] DEBUG org.springframework.test.context.BootstrapUtils - Instantiating BootstrapContext using constructor [public org.springframework.test.context.support.DefaultBootstrapContext(java.lang.Class,org.springframework.test.context.CacheAwareContextLoaderDelegate)]
18:08:25.420 [Test worker] DEBUG org.springframework.test.context.BootstrapUtils - Instantiating TestContextBootstrapper for test class [com.app.replace.mapper.memberMapperTest] from class [org.springframework.boot.test.context.SpringBootTestContextBootstrapper]
18:08:25.434 [Test worker] INFO org.springframework.boot.test.context.SpringBootTestContextBootstrapper - Neither @ContextConfiguration nor @ContextHierarchy found for test class [com.app.replace.mapper.memberMapperTest], using SpringBootContextLoader
18:08:25.438 [Test worker] DEBUG org.springframework.test.context.support.AbstractContextLoader - Did not detect default resource location for test class [com.app.replace.mapper.memberMapperTest]: class path resource [com/app/replace/mapper/memberMapperTest-context.xml] does not exist
18:08:25.439 [Test worker] DEBUG org.springframework.test.context.support.AbstractContextLoader - Did not detect default resource location for test class [com.app.replace.mapper.memberMapperTest]: class path resource [com/app/replace/mapper/memberMapperTestContext.groovy] does not exist
18:08:25.439 [Test worker] INFO org.springframework.test.context.support.AbstractContextLoader - Could not detect default resource locations for test class [com.app.replace.mapper.memberMapperTest]: no resource found for suffixes {-context.xml, Context.groovy}.
18:08:25.440 [Test worker] INFO org.springframework.test.context.support.AnnotationConfigContextLoaderUtils - Could not detect default configuration classes for test class [com.app.replace.mapper.memberMapperTest]: memberMapperTest does not declare any static, non-private, non-final, nested classes annotated with @Configuration.
18:08:25.492 [Test worker] DEBUG org.springframework.test.context.support.ActiveProfilesUtils - Could not find an 'annotation declaring class' for annotation type [org.springframework.test.context.ActiveProfiles] and class [com.app.replace.mapper.memberMapperTest]
18:08:25.559 [Test worker] DEBUG org.springframework.context.annotation.ClassPathScanningCandidateComponentProvider - Identified candidate component class: file [C:\1400_web_dev\Spring\workspace\replace\replaceSpring\build\classes\java\main\com\app\replace\ReplaceApplication.class]
18:08:25.560 [Test worker] INFO org.springframework.boot.test.context.SpringBootTestContextBootstrapper - Found @SpringBootConfiguration com.app.replace.ReplaceApplication for test class com.app.replace.mapper.memberMapperTest
18:08:25.664 [Test worker] DEBUG org.springframework.boot.test.context.SpringBootTestContextBootstrapper - @TestExecutionListeners is not present for class [com.app.replace.mapper.memberMapperTest]: using defaults.
18:08:25.664 [Test worker] INFO org.springframework.boot.test.context.SpringBootTestContextBootstrapper - Loaded default TestExecutionListener class names from location [META-INF/spring.factories]: [org.springframework.boot.test.autoconfigure.restdocs.RestDocsTestExecutionListener, org.springframework.boot.test.autoconfigure.web.client.MockRestServiceServerResetTestExecutionListener, org.springframework.boot.test.autoconfigure.web.servlet.MockMvcPrintOnlyOnFailureTestExecutionListener, org.springframework.boot.test.autoconfigure.web.servlet.WebDriverTestExecutionListener, org.springframework.boot.test.autoconfigure.webservices.client.MockWebServiceServerTestExecutionListener, org.springframework.boot.test.mock.mockito.MockitoTestExecutionListener, org.springframework.boot.test.mock.mockito.ResetMocksTestExecutionListener, org.springframework.test.context.web.ServletTestExecutionListener, org.springframework.test.context.support.DirtiesContextBeforeModesTestExecutionListener, org.springframework.test.context.event.ApplicationEventsTestExecutionListener, org.springframework.test.context.support.DependencyInjectionTestExecutionListener, org.springframework.test.context.support.DirtiesContextTestExecutionListener, org.springframework.test.context.transaction.TransactionalTestExecutionListener, org.springframework.test.context.jdbc.SqlScriptsTestExecutionListener, org.springframework.test.context.event.EventPublishingTestExecutionListener]
18:08:25.690 [Test worker] INFO org.springframework.boot.test.context.SpringBootTestContextBootstrapper - Using TestExecutionListeners: [org.springframework.test.context.web.ServletTestExecutionListener@3153ddfc, org.springframework.test.context.support.DirtiesContextBeforeModesTestExecutionListener@60afd40d, org.springframework.test.context.event.ApplicationEventsTestExecutionListener@28a2a3e7, org.springframework.boot.test.mock.mockito.MockitoTestExecutionListener@3f2049b6, org.springframework.boot.test.autoconfigure.SpringBootDependencyInjectionTestExecutionListener@10b3df93, org.springframework.test.context.support.DirtiesContextTestExecutionListener@ea27e34, org.springframework.test.context.transaction.TransactionalTestExecutionListener@33a2499c, org.springframework.test.context.jdbc.SqlScriptsTestExecutionListener@e72dba7, org.springframework.test.context.event.EventPublishingTestExecutionListener@33c2bd, org.springframework.boot.test.autoconfigure.restdocs.RestDocsTestExecutionListener@1dfd5f51, org.springframework.boot.test.autoconfigure.web.client.MockRestServiceServerResetTestExecutionListener@3c321bdb, org.springframework.boot.test.autoconfigure.web.servlet.MockMvcPrintOnlyOnFailureTestExecutionListener@24855019, org.springframework.boot.test.autoconfigure.web.servlet.WebDriverTestExecutionListener@3abd581e, org.springframework.boot.test.autoconfigure.webservices.client.MockWebServiceServerTestExecutionListener@4d4d8fcf, org.springframework.boot.test.mock.mockito.ResetMocksTestExecutionListener@610db97e]
18:08:25.693 [Test worker] DEBUG org.springframework.test.context.support.AbstractDirtiesContextTestExecutionListener - Before test class: context [DefaultTestContext@1bdaa23d testClass = memberMapperTest, testInstance = [null], testMethod = [null], testException = [null], mergedContextConfiguration = [WebMergedContextConfiguration@79f227a9 testClass = memberMapperTest, locations = '{}', classes = '{class com.app.replace.ReplaceApplication}', contextInitializerClasses = '[]', activeProfiles = '{}', propertySourceLocations = '{}', propertySourceProperties = '{org.springframework.boot.test.context.SpringBootTestContextBootstrapper=true}', contextCustomizers = set[org.springframework.boot.test.autoconfigure.actuate.metrics.MetricsExportContextCustomizerFactory$DisableMetricExportContextCustomizer@15cafec7, org.springframework.boot.test.autoconfigure.properties.PropertyMappingContextCustomizer@0, org.springframework.boot.test.autoconfigure.web.servlet.WebDriverContextCustomizerFactory$Customizer@726e5805, org.springframework.boot.test.context.filter.ExcludeFilterContextCustomizer@ed3068a, org.springframework.boot.test.json.DuplicateJsonObjectContextCustomizerFactory$DuplicateJsonObjectContextCustomizer@3b77a04f, org.springframework.boot.test.mock.mockito.MockitoContextCustomizer@0, org.springframework.boot.test.web.client.TestRestTemplateContextCustomizer@a4b2d8f, org.springframework.boot.test.context.SpringBootTestArgs@1, org.springframework.boot.test.context.SpringBootTestWebEnvironment@48b67364], resourceBasePath = 'src/main/webapp', contextLoader = 'org.springframework.boot.test.context.SpringBootContextLoader', parent = [null]], attributes = map['org.springframework.test.context.web.ServletTestExecutionListener.activateListener' -> true]], class annotated with @DirtiesContext [false] with mode [null].

  .   ____          _            __ _ _
 /\\ / ___'_ __ _ _(_)_ __  __ _ \ \ \ \
( ( )\___ | '_ | '_| | '_ \/ _` | \ \ \ \
 \\/  ___)| |_)| | | | | || (_| |  ) ) ) )
  '  |____| .__|_| |_|_| |_\__, | / / / /
 =========|_|==============|___/=/_/_/_/
 :: Spring Boot ::                (v2.7.5)

2023-08-23 18:08:26.083  INFO 5520 --- [    Test worker] com.app.replace.mapper.memberMapperTest  : Starting memberMapperTest using Java 11.0.17 on DESKTOP-BHDAEL2 with PID 5520 (started by dlgud in C:\1400_web_dev\Spring\workspace\replace\replaceSpring)
2023-08-23 18:08:26.084  INFO 5520 --- [    Test worker] com.app.replace.mapper.memberMapperTest  : No active profile set, falling back to 1 default profile: "default"
2023-08-23 18:08:27.072  INFO 5520 --- [    Test worker] trationDelegate$BeanPostProcessorChecker : Bean 'org.springframework.ws.config.annotation.DelegatingWsConfiguration' of type [org.springframework.ws.config.annotation.DelegatingWsConfiguration$$EnhancerBySpringCGLIB$$9de48cad] is not eligible for getting processed by all BeanPostProcessors (for example: not eligible for auto-proxying)
2023-08-23 18:08:27.127  INFO 5520 --- [    Test worker] .w.s.a.s.AnnotationActionEndpointMapping : Supporting [WS-Addressing August 2004, WS-Addressing 1.0]
2023-08-23 18:08:27.331  INFO 5520 --- [    Test worker] com.zaxxer.hikari.HikariDataSource       : HikariPool-1 - Starting...
2023-08-23 18:08:27.688  INFO 5520 --- [    Test worker] com.zaxxer.hikari.HikariDataSource       : HikariPool-1 - Start completed.
2023-08-23 18:08:28.447  INFO 5520 --- [    Test worker] o.s.b.a.w.s.WelcomePageHandlerMapping    : Adding welcome page template: index
2023-08-23 18:08:28.913  INFO 5520 --- [    Test worker] com.app.replace.mapper.memberMapperTest  : Started memberMapperTest in 3.182 seconds (JVM running for 4.491)
2023-08-23 18:08:29.599  INFO 5520 --- [    Test worker] com.app.replace.mapper.memberMapperTest  : MemberVO(id=1, memberEmail=lsh1234@naver.com, memberPassword=lsh1234, memberNickname=patrick, memberPhone=01012121212, memberStatus=일반)......
]]></system-out>
  <system-err><![CDATA[]]></system-err>
</testsuite>
